<testsuite name="Mocha Tests" tests="2" failures="0" errors="0" skipped="0" timestamp="Tue, 27 Mar 2018 02:24:10 GMT" time="0.013">
    <testcase classname="Test" name="Array #indexOf() should return -1 when the value is not present" time="0"/>
    <testcase classname="Test" name="Array check decodeToken should decode token" time="0.001"/>
</testsuite>
